-----------------------------------------------------------------------------------------------
------------------------------------- Model 1 --------------------------------------------------
-----------------------------------------------------------------------------------------------
Some weights of DeiTForImageClassification were not initialized from the model checkpoint at facebook/deit-base-distilled-patch16-224 and are newly initialized: ['classifier.bias', 'classifier.weight']
You should probably TRAIN this model on a down-stream task to be able to use it for predictions and inference.
/home/axelle/anaconda3/envs/WP1/lib/python3.9/site-packages/torch/nn/utils/weight_norm.py:28: UserWarning: torch.nn.utils.weight_norm is deprecated in favor of torch.nn.utils.parametrizations.weight_norm.
  warnings.warn("torch.nn.utils.weight_norm is deprecated in favor of torch.nn.utils.parametrizations.weight_norm.")
/home/axelle/anaconda3/envs/WP1/lib/python3.9/site-packages/torchvision/models/_utils.py:208: UserWarning: The parameter 'pretrained' is deprecated since 0.13 and may be removed in the future, please use 'weights' instead.
  warnings.warn(
/home/axelle/anaconda3/envs/WP1/lib/python3.9/site-packages/torchvision/models/_utils.py:223: UserWarning: Arguments other than a weight enum or `None` for 'weights' are deprecated since 0.13 and may be removed in the future. The current behavior is equivalent to passing `weights=ResNet18_Weights.IMAGENET1K_V1`. You can also use `weights=ResNet18_Weights.DEFAULT` to get the most up-to-date weights.
  warnings.warn(msg)
Some weights of the model checkpoint at owkin/phikon were not used when initializing ViTModel: ['pooler.dense.bias', 'pooler.dense.weight']
- This IS expected if you are initializing ViTModel from the checkpoint of a model trained on another task or with another architecture (e.g. initializing a BertForSequenceClassification model from a BertForPreTraining model).
- This IS NOT expected if you are initializing ViTModel from the checkpoint of a model that you expect to be exactly identical (initializing a BertForSequenceClassification model from a BertForSequenceClassification model).
/home/axelle/anaconda3/envs/WP1/lib/python3.9/site-packages/torch/functional.py:512: UserWarning: torch.meshgrid: in an upcoming release, it will be required to pass the indexing argument. (Triggered internally at ../aten/src/ATen/native/TensorShape.cpp:3587.)
  return _VF.meshgrid(tensors, **kwargs)  # type: ignore[attr-defined]
all
Some weights of DeiTForImageClassification were not initialized from the model checkpoint at facebook/deit-base-distilled-patch16-224 and are newly initialized: ['classifier.bias', 'classifier.weight']
You should probably TRAIN this model on a down-stream task to be able to use it for predictions and inference.
/home/axelle/anaconda3/envs/WP1/lib/python3.9/site-packages/torch/nn/utils/weight_norm.py:28: UserWarning: torch.nn.utils.weight_norm is deprecated in favor of torch.nn.utils.parametrizations.weight_norm.
  warnings.warn("torch.nn.utils.weight_norm is deprecated in favor of torch.nn.utils.parametrizations.weight_norm.")
/home/axelle/anaconda3/envs/WP1/lib/python3.9/site-packages/torchvision/models/_utils.py:208: UserWarning: The parameter 'pretrained' is deprecated since 0.13 and may be removed in the future, please use 'weights' instead.
  warnings.warn(
/home/axelle/anaconda3/envs/WP1/lib/python3.9/site-packages/torchvision/models/_utils.py:223: UserWarning: Arguments other than a weight enum or `None` for 'weights' are deprecated since 0.13 and may be removed in the future. The current behavior is equivalent to passing `weights=ResNet18_Weights.IMAGENET1K_V1`. You can also use `weights=ResNet18_Weights.DEFAULT` to get the most up-to-date weights.
  warnings.warn(msg)
Some weights of the model checkpoint at owkin/phikon were not used when initializing ViTModel: ['pooler.dense.bias', 'pooler.dense.weight']
- This IS expected if you are initializing ViTModel from the checkpoint of a model trained on another task or with another architecture (e.g. initializing a BertForSequenceClassification model from a BertForPreTraining model).
- This IS NOT expected if you are initializing ViTModel from the checkpoint of a model that you expect to be exactly identical (initializing a BertForSequenceClassification model from a BertForSequenceClassification model).
/home/axelle/anaconda3/envs/WP1/lib/python3.9/site-packages/torch/functional.py:512: UserWarning: torch.meshgrid: in an upcoming release, it will be required to pass the indexing argument. (Triggered internally at ../aten/src/ATen/native/TensorShape.cpp:3587.)
  return _VF.meshgrid(tensors, **kwargs)  # type: ignore[attr-defined]
Traceback (most recent call last):
  File "/home/axelle/Documents/Doctorat/WP1/WP1/database/test_cam_acc.py", line 426, in <module>
    r = test(model, args.weights, args.path, args.db_name, args.extractor, args.measure, args.class_name, True)
  File "/home/axelle/Documents/Doctorat/WP1/WP1/database/test_cam_acc.py", line 331, in test
    display_precision_recall(model_weight, measure, ground_truth, predictions)
  File "/home/axelle/Documents/Doctorat/WP1/WP1/database/test_cam_acc.py", line 134, in display_precision_recall
    precision[i], recall[i], _ = precision_recall_curve(Y_test[:, i], y_score[:, i])
IndexError: index 1 is out of bounds for axis 1 with size 1
-----------------------------------------------------------------------------------------------
------------------------------------- Model 2 --------------------------------------------------
-----------------------------------------------------------------------------------------------
Some weights of DeiTForImageClassification were not initialized from the model checkpoint at facebook/deit-base-distilled-patch16-224 and are newly initialized: ['classifier.bias', 'classifier.weight']
You should probably TRAIN this model on a down-stream task to be able to use it for predictions and inference.
/home/axelle/anaconda3/envs/WP1/lib/python3.9/site-packages/torch/nn/utils/weight_norm.py:28: UserWarning: torch.nn.utils.weight_norm is deprecated in favor of torch.nn.utils.parametrizations.weight_norm.
  warnings.warn("torch.nn.utils.weight_norm is deprecated in favor of torch.nn.utils.parametrizations.weight_norm.")
/home/axelle/anaconda3/envs/WP1/lib/python3.9/site-packages/torchvision/models/_utils.py:208: UserWarning: The parameter 'pretrained' is deprecated since 0.13 and may be removed in the future, please use 'weights' instead.
  warnings.warn(
/home/axelle/anaconda3/envs/WP1/lib/python3.9/site-packages/torchvision/models/_utils.py:223: UserWarning: Arguments other than a weight enum or `None` for 'weights' are deprecated since 0.13 and may be removed in the future. The current behavior is equivalent to passing `weights=ResNet18_Weights.IMAGENET1K_V1`. You can also use `weights=ResNet18_Weights.DEFAULT` to get the most up-to-date weights.
  warnings.warn(msg)
Some weights of the model checkpoint at owkin/phikon were not used when initializing ViTModel: ['pooler.dense.bias', 'pooler.dense.weight']
- This IS expected if you are initializing ViTModel from the checkpoint of a model trained on another task or with another architecture (e.g. initializing a BertForSequenceClassification model from a BertForPreTraining model).
- This IS NOT expected if you are initializing ViTModel from the checkpoint of a model that you expect to be exactly identical (initializing a BertForSequenceClassification model from a BertForSequenceClassification model).
/home/axelle/anaconda3/envs/WP1/lib/python3.9/site-packages/torch/functional.py:512: UserWarning: torch.meshgrid: in an upcoming release, it will be required to pass the indexing argument. (Triggered internally at ../aten/src/ATen/native/TensorShape.cpp:3587.)
  return _VF.meshgrid(tensors, **kwargs)  # type: ignore[attr-defined]
all
Some weights of DeiTForImageClassification were not initialized from the model checkpoint at facebook/deit-base-distilled-patch16-224 and are newly initialized: ['classifier.bias', 'classifier.weight']
You should probably TRAIN this model on a down-stream task to be able to use it for predictions and inference.
/home/axelle/anaconda3/envs/WP1/lib/python3.9/site-packages/torch/nn/utils/weight_norm.py:28: UserWarning: torch.nn.utils.weight_norm is deprecated in favor of torch.nn.utils.parametrizations.weight_norm.
  warnings.warn("torch.nn.utils.weight_norm is deprecated in favor of torch.nn.utils.parametrizations.weight_norm.")
/home/axelle/anaconda3/envs/WP1/lib/python3.9/site-packages/torchvision/models/_utils.py:208: UserWarning: The parameter 'pretrained' is deprecated since 0.13 and may be removed in the future, please use 'weights' instead.
  warnings.warn(
/home/axelle/anaconda3/envs/WP1/lib/python3.9/site-packages/torchvision/models/_utils.py:223: UserWarning: Arguments other than a weight enum or `None` for 'weights' are deprecated since 0.13 and may be removed in the future. The current behavior is equivalent to passing `weights=ResNet18_Weights.IMAGENET1K_V1`. You can also use `weights=ResNet18_Weights.DEFAULT` to get the most up-to-date weights.
  warnings.warn(msg)
Some weights of the model checkpoint at owkin/phikon were not used when initializing ViTModel: ['pooler.dense.bias', 'pooler.dense.weight']
- This IS expected if you are initializing ViTModel from the checkpoint of a model trained on another task or with another architecture (e.g. initializing a BertForSequenceClassification model from a BertForPreTraining model).
- This IS NOT expected if you are initializing ViTModel from the checkpoint of a model that you expect to be exactly identical (initializing a BertForSequenceClassification model from a BertForSequenceClassification model).
/home/axelle/anaconda3/envs/WP1/lib/python3.9/site-packages/torch/functional.py:512: UserWarning: torch.meshgrid: in an upcoming release, it will be required to pass the indexing argument. (Triggered internally at ../aten/src/ATen/native/TensorShape.cpp:3587.)
  return _VF.meshgrid(tensors, **kwargs)  # type: ignore[attr-defined]
Traceback (most recent call last):
  File "/home/axelle/Documents/Doctorat/WP1/WP1/database/test_cam_acc.py", line 426, in <module>
    r = test(model, args.weights, args.path, args.db_name, args.extractor, args.measure, args.class_name, True)
  File "/home/axelle/Documents/Doctorat/WP1/WP1/database/test_cam_acc.py", line 331, in test
    display_precision_recall(model_weight, measure, ground_truth, predictions)
  File "/home/axelle/Documents/Doctorat/WP1/WP1/database/test_cam_acc.py", line 134, in display_precision_recall
    precision[i], recall[i], _ = precision_recall_curve(Y_test[:, i], y_score[:, i])
IndexError: index 1 is out of bounds for axis 1 with size 1
-----------------------------------------------------------------------------------------------
------------------------------------- Model 3 --------------------------------------------------
-----------------------------------------------------------------------------------------------
Some weights of DeiTForImageClassification were not initialized from the model checkpoint at facebook/deit-base-distilled-patch16-224 and are newly initialized: ['classifier.bias', 'classifier.weight']
You should probably TRAIN this model on a down-stream task to be able to use it for predictions and inference.
/home/axelle/anaconda3/envs/WP1/lib/python3.9/site-packages/torch/nn/utils/weight_norm.py:28: UserWarning: torch.nn.utils.weight_norm is deprecated in favor of torch.nn.utils.parametrizations.weight_norm.
  warnings.warn("torch.nn.utils.weight_norm is deprecated in favor of torch.nn.utils.parametrizations.weight_norm.")
/home/axelle/anaconda3/envs/WP1/lib/python3.9/site-packages/torchvision/models/_utils.py:208: UserWarning: The parameter 'pretrained' is deprecated since 0.13 and may be removed in the future, please use 'weights' instead.
  warnings.warn(
/home/axelle/anaconda3/envs/WP1/lib/python3.9/site-packages/torchvision/models/_utils.py:223: UserWarning: Arguments other than a weight enum or `None` for 'weights' are deprecated since 0.13 and may be removed in the future. The current behavior is equivalent to passing `weights=ResNet18_Weights.IMAGENET1K_V1`. You can also use `weights=ResNet18_Weights.DEFAULT` to get the most up-to-date weights.
  warnings.warn(msg)
Some weights of the model checkpoint at owkin/phikon were not used when initializing ViTModel: ['pooler.dense.bias', 'pooler.dense.weight']
- This IS expected if you are initializing ViTModel from the checkpoint of a model trained on another task or with another architecture (e.g. initializing a BertForSequenceClassification model from a BertForPreTraining model).
- This IS NOT expected if you are initializing ViTModel from the checkpoint of a model that you expect to be exactly identical (initializing a BertForSequenceClassification model from a BertForSequenceClassification model).
/home/axelle/anaconda3/envs/WP1/lib/python3.9/site-packages/torch/functional.py:512: UserWarning: torch.meshgrid: in an upcoming release, it will be required to pass the indexing argument. (Triggered internally at ../aten/src/ATen/native/TensorShape.cpp:3587.)
  return _VF.meshgrid(tensors, **kwargs)  # type: ignore[attr-defined]
Traceback (most recent call last):
  File "/home/axelle/Documents/Doctorat/WP1/WP1/database/add_images.py", line 72, in <module>
    model = models.Model(model=args.extractor, num_features=args.num_features, weight=args.weights,
  File "/home/axelle/Documents/Doctorat/WP1/WP1/database/models.py", line 87, in __init__
    self.model.load_weights(weight)
  File "/home/axelle/Documents/Doctorat/WP1/WP1/database/arch.py", line 60, in load_weights
    state_dict = torch.load(weight_path)
  File "/home/axelle/anaconda3/envs/WP1/lib/python3.9/site-packages/torch/serialization.py", line 997, in load
    with _open_file_like(f, 'rb') as opened_file:
  File "/home/axelle/anaconda3/envs/WP1/lib/python3.9/site-packages/torch/serialization.py", line 444, in _open_file_like
    return _open_file(name_or_buffer, mode)
  File "/home/axelle/anaconda3/envs/WP1/lib/python3.9/site-packages/torch/serialization.py", line 425, in __init__
    super().__init__(open(name, mode))
FileNotFoundError: [Errno 2] No such file or directory: '/home/axelle/Documents/Doctorat/WP1/WP1/weights_folder/Dino/model11/dino_deitsmall16_pretrain.pth'
all
Some weights of DeiTForImageClassification were not initialized from the model checkpoint at facebook/deit-base-distilled-patch16-224 and are newly initialized: ['classifier.bias', 'classifier.weight']
You should probably TRAIN this model on a down-stream task to be able to use it for predictions and inference.
/home/axelle/anaconda3/envs/WP1/lib/python3.9/site-packages/torch/nn/utils/weight_norm.py:28: UserWarning: torch.nn.utils.weight_norm is deprecated in favor of torch.nn.utils.parametrizations.weight_norm.
  warnings.warn("torch.nn.utils.weight_norm is deprecated in favor of torch.nn.utils.parametrizations.weight_norm.")
/home/axelle/anaconda3/envs/WP1/lib/python3.9/site-packages/torchvision/models/_utils.py:208: UserWarning: The parameter 'pretrained' is deprecated since 0.13 and may be removed in the future, please use 'weights' instead.
  warnings.warn(
/home/axelle/anaconda3/envs/WP1/lib/python3.9/site-packages/torchvision/models/_utils.py:223: UserWarning: Arguments other than a weight enum or `None` for 'weights' are deprecated since 0.13 and may be removed in the future. The current behavior is equivalent to passing `weights=ResNet18_Weights.IMAGENET1K_V1`. You can also use `weights=ResNet18_Weights.DEFAULT` to get the most up-to-date weights.
  warnings.warn(msg)
Some weights of the model checkpoint at owkin/phikon were not used when initializing ViTModel: ['pooler.dense.bias', 'pooler.dense.weight']
- This IS expected if you are initializing ViTModel from the checkpoint of a model trained on another task or with another architecture (e.g. initializing a BertForSequenceClassification model from a BertForPreTraining model).
- This IS NOT expected if you are initializing ViTModel from the checkpoint of a model that you expect to be exactly identical (initializing a BertForSequenceClassification model from a BertForSequenceClassification model).
/home/axelle/anaconda3/envs/WP1/lib/python3.9/site-packages/torch/functional.py:512: UserWarning: torch.meshgrid: in an upcoming release, it will be required to pass the indexing argument. (Triggered internally at ../aten/src/ATen/native/TensorShape.cpp:3587.)
  return _VF.meshgrid(tensors, **kwargs)  # type: ignore[attr-defined]
Traceback (most recent call last):
  File "/home/axelle/Documents/Doctorat/WP1/WP1/database/test_cam_acc.py", line 416, in <module>
    model = Model(num_features=args.num_features, weight=args.weights, model=args.extractor,
  File "/home/axelle/Documents/Doctorat/WP1/WP1/database/models.py", line 87, in __init__
    self.model.load_weights(weight)
  File "/home/axelle/Documents/Doctorat/WP1/WP1/database/arch.py", line 60, in load_weights
    state_dict = torch.load(weight_path)
  File "/home/axelle/anaconda3/envs/WP1/lib/python3.9/site-packages/torch/serialization.py", line 997, in load
    with _open_file_like(f, 'rb') as opened_file:
  File "/home/axelle/anaconda3/envs/WP1/lib/python3.9/site-packages/torch/serialization.py", line 444, in _open_file_like
    return _open_file(name_or_buffer, mode)
  File "/home/axelle/anaconda3/envs/WP1/lib/python3.9/site-packages/torch/serialization.py", line 425, in __init__
    super().__init__(open(name, mode))
FileNotFoundError: [Errno 2] No such file or directory: '/home/axelle/Documents/Doctorat/WP1/WP1/weights_folder/Dino/model11/dino_deitsmall16_pretrain.pth'
-----------------------------------------------------------------------------------------------
------------------------------------- Model 4 --------------------------------------------------
-----------------------------------------------------------------------------------------------
Some weights of DeiTForImageClassification were not initialized from the model checkpoint at facebook/deit-base-distilled-patch16-224 and are newly initialized: ['classifier.bias', 'classifier.weight']
You should probably TRAIN this model on a down-stream task to be able to use it for predictions and inference.
/home/axelle/anaconda3/envs/WP1/lib/python3.9/site-packages/torch/nn/utils/weight_norm.py:28: UserWarning: torch.nn.utils.weight_norm is deprecated in favor of torch.nn.utils.parametrizations.weight_norm.
  warnings.warn("torch.nn.utils.weight_norm is deprecated in favor of torch.nn.utils.parametrizations.weight_norm.")
/home/axelle/anaconda3/envs/WP1/lib/python3.9/site-packages/torchvision/models/_utils.py:208: UserWarning: The parameter 'pretrained' is deprecated since 0.13 and may be removed in the future, please use 'weights' instead.
  warnings.warn(
/home/axelle/anaconda3/envs/WP1/lib/python3.9/site-packages/torchvision/models/_utils.py:223: UserWarning: Arguments other than a weight enum or `None` for 'weights' are deprecated since 0.13 and may be removed in the future. The current behavior is equivalent to passing `weights=ResNet18_Weights.IMAGENET1K_V1`. You can also use `weights=ResNet18_Weights.DEFAULT` to get the most up-to-date weights.
  warnings.warn(msg)
Some weights of the model checkpoint at owkin/phikon were not used when initializing ViTModel: ['pooler.dense.bias', 'pooler.dense.weight']
- This IS expected if you are initializing ViTModel from the checkpoint of a model trained on another task or with another architecture (e.g. initializing a BertForSequenceClassification model from a BertForPreTraining model).
- This IS NOT expected if you are initializing ViTModel from the checkpoint of a model that you expect to be exactly identical (initializing a BertForSequenceClassification model from a BertForSequenceClassification model).
/home/axelle/anaconda3/envs/WP1/lib/python3.9/site-packages/torch/functional.py:512: UserWarning: torch.meshgrid: in an upcoming release, it will be required to pass the indexing argument. (Triggered internally at ../aten/src/ATen/native/TensorShape.cpp:3587.)
  return _VF.meshgrid(tensors, **kwargs)  # type: ignore[attr-defined]
all
Some weights of DeiTForImageClassification were not initialized from the model checkpoint at facebook/deit-base-distilled-patch16-224 and are newly initialized: ['classifier.bias', 'classifier.weight']
You should probably TRAIN this model on a down-stream task to be able to use it for predictions and inference.
/home/axelle/anaconda3/envs/WP1/lib/python3.9/site-packages/torch/nn/utils/weight_norm.py:28: UserWarning: torch.nn.utils.weight_norm is deprecated in favor of torch.nn.utils.parametrizations.weight_norm.
  warnings.warn("torch.nn.utils.weight_norm is deprecated in favor of torch.nn.utils.parametrizations.weight_norm.")
/home/axelle/anaconda3/envs/WP1/lib/python3.9/site-packages/torchvision/models/_utils.py:208: UserWarning: The parameter 'pretrained' is deprecated since 0.13 and may be removed in the future, please use 'weights' instead.
  warnings.warn(
/home/axelle/anaconda3/envs/WP1/lib/python3.9/site-packages/torchvision/models/_utils.py:223: UserWarning: Arguments other than a weight enum or `None` for 'weights' are deprecated since 0.13 and may be removed in the future. The current behavior is equivalent to passing `weights=ResNet18_Weights.IMAGENET1K_V1`. You can also use `weights=ResNet18_Weights.DEFAULT` to get the most up-to-date weights.
  warnings.warn(msg)
Some weights of the model checkpoint at owkin/phikon were not used when initializing ViTModel: ['pooler.dense.bias', 'pooler.dense.weight']
- This IS expected if you are initializing ViTModel from the checkpoint of a model trained on another task or with another architecture (e.g. initializing a BertForSequenceClassification model from a BertForPreTraining model).
- This IS NOT expected if you are initializing ViTModel from the checkpoint of a model that you expect to be exactly identical (initializing a BertForSequenceClassification model from a BertForSequenceClassification model).
/home/axelle/anaconda3/envs/WP1/lib/python3.9/site-packages/torch/functional.py:512: UserWarning: torch.meshgrid: in an upcoming release, it will be required to pass the indexing argument. (Triggered internally at ../aten/src/ATen/native/TensorShape.cpp:3587.)
  return _VF.meshgrid(tensors, **kwargs)  # type: ignore[attr-defined]
Traceback (most recent call last):
  File "/home/axelle/Documents/Doctorat/WP1/WP1/database/test_cam_acc.py", line 426, in <module>
    r = test(model, args.weights, args.path, args.db_name, args.extractor, args.measure, args.class_name, True)
  File "/home/axelle/Documents/Doctorat/WP1/WP1/database/test_cam_acc.py", line 331, in test
    display_precision_recall(model_weight, measure, ground_truth, predictions)
  File "/home/axelle/Documents/Doctorat/WP1/WP1/database/test_cam_acc.py", line 134, in display_precision_recall
    precision[i], recall[i], _ = precision_recall_curve(Y_test[:, i], y_score[:, i])
IndexError: index 1 is out of bounds for axis 1 with size 1
-----------------------------------------------------------------------------------------------
------------------------------------- Model 5 --------------------------------------------------
-----------------------------------------------------------------------------------------------
Some weights of DeiTForImageClassification were not initialized from the model checkpoint at facebook/deit-base-distilled-patch16-224 and are newly initialized: ['classifier.bias', 'classifier.weight']
You should probably TRAIN this model on a down-stream task to be able to use it for predictions and inference.
/home/axelle/anaconda3/envs/WP1/lib/python3.9/site-packages/torch/nn/utils/weight_norm.py:28: UserWarning: torch.nn.utils.weight_norm is deprecated in favor of torch.nn.utils.parametrizations.weight_norm.
  warnings.warn("torch.nn.utils.weight_norm is deprecated in favor of torch.nn.utils.parametrizations.weight_norm.")
/home/axelle/anaconda3/envs/WP1/lib/python3.9/site-packages/torchvision/models/_utils.py:208: UserWarning: The parameter 'pretrained' is deprecated since 0.13 and may be removed in the future, please use 'weights' instead.
  warnings.warn(
/home/axelle/anaconda3/envs/WP1/lib/python3.9/site-packages/torchvision/models/_utils.py:223: UserWarning: Arguments other than a weight enum or `None` for 'weights' are deprecated since 0.13 and may be removed in the future. The current behavior is equivalent to passing `weights=ResNet18_Weights.IMAGENET1K_V1`. You can also use `weights=ResNet18_Weights.DEFAULT` to get the most up-to-date weights.
  warnings.warn(msg)
Some weights of the model checkpoint at owkin/phikon were not used when initializing ViTModel: ['pooler.dense.bias', 'pooler.dense.weight']
- This IS expected if you are initializing ViTModel from the checkpoint of a model trained on another task or with another architecture (e.g. initializing a BertForSequenceClassification model from a BertForPreTraining model).
- This IS NOT expected if you are initializing ViTModel from the checkpoint of a model that you expect to be exactly identical (initializing a BertForSequenceClassification model from a BertForSequenceClassification model).
/home/axelle/anaconda3/envs/WP1/lib/python3.9/site-packages/torch/functional.py:512: UserWarning: torch.meshgrid: in an upcoming release, it will be required to pass the indexing argument. (Triggered internally at ../aten/src/ATen/native/TensorShape.cpp:3587.)
  return _VF.meshgrid(tensors, **kwargs)  # type: ignore[attr-defined]
all
Some weights of DeiTForImageClassification were not initialized from the model checkpoint at facebook/deit-base-distilled-patch16-224 and are newly initialized: ['classifier.bias', 'classifier.weight']
You should probably TRAIN this model on a down-stream task to be able to use it for predictions and inference.
/home/axelle/anaconda3/envs/WP1/lib/python3.9/site-packages/torch/nn/utils/weight_norm.py:28: UserWarning: torch.nn.utils.weight_norm is deprecated in favor of torch.nn.utils.parametrizations.weight_norm.
  warnings.warn("torch.nn.utils.weight_norm is deprecated in favor of torch.nn.utils.parametrizations.weight_norm.")
/home/axelle/anaconda3/envs/WP1/lib/python3.9/site-packages/torchvision/models/_utils.py:208: UserWarning: The parameter 'pretrained' is deprecated since 0.13 and may be removed in the future, please use 'weights' instead.
  warnings.warn(
/home/axelle/anaconda3/envs/WP1/lib/python3.9/site-packages/torchvision/models/_utils.py:223: UserWarning: Arguments other than a weight enum or `None` for 'weights' are deprecated since 0.13 and may be removed in the future. The current behavior is equivalent to passing `weights=ResNet18_Weights.IMAGENET1K_V1`. You can also use `weights=ResNet18_Weights.DEFAULT` to get the most up-to-date weights.
  warnings.warn(msg)
Some weights of the model checkpoint at owkin/phikon were not used when initializing ViTModel: ['pooler.dense.bias', 'pooler.dense.weight']
- This IS expected if you are initializing ViTModel from the checkpoint of a model trained on another task or with another architecture (e.g. initializing a BertForSequenceClassification model from a BertForPreTraining model).
- This IS NOT expected if you are initializing ViTModel from the checkpoint of a model that you expect to be exactly identical (initializing a BertForSequenceClassification model from a BertForSequenceClassification model).
/home/axelle/anaconda3/envs/WP1/lib/python3.9/site-packages/torch/functional.py:512: UserWarning: torch.meshgrid: in an upcoming release, it will be required to pass the indexing argument. (Triggered internally at ../aten/src/ATen/native/TensorShape.cpp:3587.)
  return _VF.meshgrid(tensors, **kwargs)  # type: ignore[attr-defined]
Traceback (most recent call last):
  File "/home/axelle/Documents/Doctorat/WP1/WP1/database/test_cam_acc.py", line 426, in <module>
    r = test(model, args.weights, args.path, args.db_name, args.extractor, args.measure, args.class_name, True)
  File "/home/axelle/Documents/Doctorat/WP1/WP1/database/test_cam_acc.py", line 331, in test
    display_precision_recall(model_weight, measure, ground_truth, predictions)
  File "/home/axelle/Documents/Doctorat/WP1/WP1/database/test_cam_acc.py", line 134, in display_precision_recall
    precision[i], recall[i], _ = precision_recall_curve(Y_test[:, i], y_score[:, i])
IndexError: index 1 is out of bounds for axis 1 with size 1
-----------------------------------------------------------------------------------------------
------------------------------------- Model 6 --------------------------------------------------
-----------------------------------------------------------------------------------------------
Some weights of DeiTForImageClassification were not initialized from the model checkpoint at facebook/deit-base-distilled-patch16-224 and are newly initialized: ['classifier.bias', 'classifier.weight']
You should probably TRAIN this model on a down-stream task to be able to use it for predictions and inference.
/home/axelle/anaconda3/envs/WP1/lib/python3.9/site-packages/torch/nn/utils/weight_norm.py:28: UserWarning: torch.nn.utils.weight_norm is deprecated in favor of torch.nn.utils.parametrizations.weight_norm.
  warnings.warn("torch.nn.utils.weight_norm is deprecated in favor of torch.nn.utils.parametrizations.weight_norm.")
/home/axelle/anaconda3/envs/WP1/lib/python3.9/site-packages/torchvision/models/_utils.py:208: UserWarning: The parameter 'pretrained' is deprecated since 0.13 and may be removed in the future, please use 'weights' instead.
  warnings.warn(
/home/axelle/anaconda3/envs/WP1/lib/python3.9/site-packages/torchvision/models/_utils.py:223: UserWarning: Arguments other than a weight enum or `None` for 'weights' are deprecated since 0.13 and may be removed in the future. The current behavior is equivalent to passing `weights=ResNet18_Weights.IMAGENET1K_V1`. You can also use `weights=ResNet18_Weights.DEFAULT` to get the most up-to-date weights.
  warnings.warn(msg)
Some weights of the model checkpoint at owkin/phikon were not used when initializing ViTModel: ['pooler.dense.bias', 'pooler.dense.weight']
- This IS expected if you are initializing ViTModel from the checkpoint of a model trained on another task or with another architecture (e.g. initializing a BertForSequenceClassification model from a BertForPreTraining model).
- This IS NOT expected if you are initializing ViTModel from the checkpoint of a model that you expect to be exactly identical (initializing a BertForSequenceClassification model from a BertForSequenceClassification model).
/home/axelle/anaconda3/envs/WP1/lib/python3.9/site-packages/torch/functional.py:512: UserWarning: torch.meshgrid: in an upcoming release, it will be required to pass the indexing argument. (Triggered internally at ../aten/src/ATen/native/TensorShape.cpp:3587.)
  return _VF.meshgrid(tensors, **kwargs)  # type: ignore[attr-defined]
all
Some weights of DeiTForImageClassification were not initialized from the model checkpoint at facebook/deit-base-distilled-patch16-224 and are newly initialized: ['classifier.bias', 'classifier.weight']
You should probably TRAIN this model on a down-stream task to be able to use it for predictions and inference.
/home/axelle/anaconda3/envs/WP1/lib/python3.9/site-packages/torch/nn/utils/weight_norm.py:28: UserWarning: torch.nn.utils.weight_norm is deprecated in favor of torch.nn.utils.parametrizations.weight_norm.
  warnings.warn("torch.nn.utils.weight_norm is deprecated in favor of torch.nn.utils.parametrizations.weight_norm.")
/home/axelle/anaconda3/envs/WP1/lib/python3.9/site-packages/torchvision/models/_utils.py:208: UserWarning: The parameter 'pretrained' is deprecated since 0.13 and may be removed in the future, please use 'weights' instead.
  warnings.warn(
/home/axelle/anaconda3/envs/WP1/lib/python3.9/site-packages/torchvision/models/_utils.py:223: UserWarning: Arguments other than a weight enum or `None` for 'weights' are deprecated since 0.13 and may be removed in the future. The current behavior is equivalent to passing `weights=ResNet18_Weights.IMAGENET1K_V1`. You can also use `weights=ResNet18_Weights.DEFAULT` to get the most up-to-date weights.
  warnings.warn(msg)
Some weights of the model checkpoint at owkin/phikon were not used when initializing ViTModel: ['pooler.dense.bias', 'pooler.dense.weight']
- This IS expected if you are initializing ViTModel from the checkpoint of a model trained on another task or with another architecture (e.g. initializing a BertForSequenceClassification model from a BertForPreTraining model).
- This IS NOT expected if you are initializing ViTModel from the checkpoint of a model that you expect to be exactly identical (initializing a BertForSequenceClassification model from a BertForSequenceClassification model).
/home/axelle/anaconda3/envs/WP1/lib/python3.9/site-packages/torch/functional.py:512: UserWarning: torch.meshgrid: in an upcoming release, it will be required to pass the indexing argument. (Triggered internally at ../aten/src/ATen/native/TensorShape.cpp:3587.)
  return _VF.meshgrid(tensors, **kwargs)  # type: ignore[attr-defined]
Traceback (most recent call last):
  File "/home/axelle/Documents/Doctorat/WP1/WP1/database/test_cam_acc.py", line 426, in <module>
    r = test(model, args.weights, args.path, args.db_name, args.extractor, args.measure, args.class_name, True)
  File "/home/axelle/Documents/Doctorat/WP1/WP1/database/test_cam_acc.py", line 331, in test
    display_precision_recall(model_weight, measure, ground_truth, predictions)
  File "/home/axelle/Documents/Doctorat/WP1/WP1/database/test_cam_acc.py", line 134, in display_precision_recall
    precision[i], recall[i], _ = precision_recall_curve(Y_test[:, i], y_score[:, i])
IndexError: index 1 is out of bounds for axis 1 with size 1
-----------------------------------------------------------------------------------------------
------------------------------------- Model 7 --------------------------------------------------
-----------------------------------------------------------------------------------------------
Some weights of DeiTForImageClassification were not initialized from the model checkpoint at facebook/deit-base-distilled-patch16-224 and are newly initialized: ['classifier.bias', 'classifier.weight']
You should probably TRAIN this model on a down-stream task to be able to use it for predictions and inference.
/home/axelle/anaconda3/envs/WP1/lib/python3.9/site-packages/torch/nn/utils/weight_norm.py:28: UserWarning: torch.nn.utils.weight_norm is deprecated in favor of torch.nn.utils.parametrizations.weight_norm.
  warnings.warn("torch.nn.utils.weight_norm is deprecated in favor of torch.nn.utils.parametrizations.weight_norm.")
/home/axelle/anaconda3/envs/WP1/lib/python3.9/site-packages/torchvision/models/_utils.py:208: UserWarning: The parameter 'pretrained' is deprecated since 0.13 and may be removed in the future, please use 'weights' instead.
  warnings.warn(
/home/axelle/anaconda3/envs/WP1/lib/python3.9/site-packages/torchvision/models/_utils.py:223: UserWarning: Arguments other than a weight enum or `None` for 'weights' are deprecated since 0.13 and may be removed in the future. The current behavior is equivalent to passing `weights=ResNet18_Weights.IMAGENET1K_V1`. You can also use `weights=ResNet18_Weights.DEFAULT` to get the most up-to-date weights.
  warnings.warn(msg)
Some weights of the model checkpoint at owkin/phikon were not used when initializing ViTModel: ['pooler.dense.bias', 'pooler.dense.weight']
- This IS expected if you are initializing ViTModel from the checkpoint of a model trained on another task or with another architecture (e.g. initializing a BertForSequenceClassification model from a BertForPreTraining model).
- This IS NOT expected if you are initializing ViTModel from the checkpoint of a model that you expect to be exactly identical (initializing a BertForSequenceClassification model from a BertForSequenceClassification model).
/home/axelle/anaconda3/envs/WP1/lib/python3.9/site-packages/torch/functional.py:512: UserWarning: torch.meshgrid: in an upcoming release, it will be required to pass the indexing argument. (Triggered internally at ../aten/src/ATen/native/TensorShape.cpp:3587.)
  return _VF.meshgrid(tensors, **kwargs)  # type: ignore[attr-defined]
Traceback (most recent call last):
  File "/home/axelle/Documents/Doctorat/WP1/WP1/database/models.py", line 91, in __init__
    self.model.load_state_dict(torch.load(weight)["state_dict"])
  File "/home/axelle/anaconda3/envs/WP1/lib/python3.9/site-packages/torch/serialization.py", line 997, in load
    with _open_file_like(f, 'rb') as opened_file:
  File "/home/axelle/anaconda3/envs/WP1/lib/python3.9/site-packages/torch/serialization.py", line 444, in _open_file_like
    return _open_file(name_or_buffer, mode)
  File "/home/axelle/anaconda3/envs/WP1/lib/python3.9/site-packages/torch/serialization.py", line 425, in __init__
    super().__init__(open(name, mode))
FileNotFoundError: [Errno 2] No such file or directory: '/home/axelle/Documents/Doctorat/WP1/WP1/weights_folder/byol_light/model18/epoch=99-step=164900.ckpt'

During handling of the above exception, another exception occurred:

Traceback (most recent call last):
  File "/home/axelle/Documents/Doctorat/WP1/WP1/database/add_images.py", line 72, in <module>
    model = models.Model(model=args.extractor, num_features=args.num_features, weight=args.weights,
  File "/home/axelle/Documents/Doctorat/WP1/WP1/database/models.py", line 94, in __init__
    self.model.load_state_dict(torch.load(weight)["state_dict"])
  File "/home/axelle/anaconda3/envs/WP1/lib/python3.9/site-packages/torch/serialization.py", line 997, in load
    with _open_file_like(f, 'rb') as opened_file:
  File "/home/axelle/anaconda3/envs/WP1/lib/python3.9/site-packages/torch/serialization.py", line 444, in _open_file_like
    return _open_file(name_or_buffer, mode)
  File "/home/axelle/anaconda3/envs/WP1/lib/python3.9/site-packages/torch/serialization.py", line 425, in __init__
    super().__init__(open(name, mode))
FileNotFoundError: [Errno 2] No such file or directory: '/home/axelle/Documents/Doctorat/WP1/WP1/weights_folder/byol_light/model18/epoch=99-step=164900.ckpt'
all
Some weights of DeiTForImageClassification were not initialized from the model checkpoint at facebook/deit-base-distilled-patch16-224 and are newly initialized: ['classifier.bias', 'classifier.weight']
You should probably TRAIN this model on a down-stream task to be able to use it for predictions and inference.
/home/axelle/anaconda3/envs/WP1/lib/python3.9/site-packages/torch/nn/utils/weight_norm.py:28: UserWarning: torch.nn.utils.weight_norm is deprecated in favor of torch.nn.utils.parametrizations.weight_norm.
  warnings.warn("torch.nn.utils.weight_norm is deprecated in favor of torch.nn.utils.parametrizations.weight_norm.")
/home/axelle/anaconda3/envs/WP1/lib/python3.9/site-packages/torchvision/models/_utils.py:208: UserWarning: The parameter 'pretrained' is deprecated since 0.13 and may be removed in the future, please use 'weights' instead.
  warnings.warn(
/home/axelle/anaconda3/envs/WP1/lib/python3.9/site-packages/torchvision/models/_utils.py:223: UserWarning: Arguments other than a weight enum or `None` for 'weights' are deprecated since 0.13 and may be removed in the future. The current behavior is equivalent to passing `weights=ResNet18_Weights.IMAGENET1K_V1`. You can also use `weights=ResNet18_Weights.DEFAULT` to get the most up-to-date weights.
  warnings.warn(msg)
Some weights of the model checkpoint at owkin/phikon were not used when initializing ViTModel: ['pooler.dense.bias', 'pooler.dense.weight']
- This IS expected if you are initializing ViTModel from the checkpoint of a model trained on another task or with another architecture (e.g. initializing a BertForSequenceClassification model from a BertForPreTraining model).
- This IS NOT expected if you are initializing ViTModel from the checkpoint of a model that you expect to be exactly identical (initializing a BertForSequenceClassification model from a BertForSequenceClassification model).
/home/axelle/anaconda3/envs/WP1/lib/python3.9/site-packages/torch/functional.py:512: UserWarning: torch.meshgrid: in an upcoming release, it will be required to pass the indexing argument. (Triggered internally at ../aten/src/ATen/native/TensorShape.cpp:3587.)
  return _VF.meshgrid(tensors, **kwargs)  # type: ignore[attr-defined]
Traceback (most recent call last):
  File "/home/axelle/Documents/Doctorat/WP1/WP1/database/models.py", line 91, in __init__
    self.model.load_state_dict(torch.load(weight)["state_dict"])
  File "/home/axelle/anaconda3/envs/WP1/lib/python3.9/site-packages/torch/serialization.py", line 997, in load
    with _open_file_like(f, 'rb') as opened_file:
  File "/home/axelle/anaconda3/envs/WP1/lib/python3.9/site-packages/torch/serialization.py", line 444, in _open_file_like
    return _open_file(name_or_buffer, mode)
  File "/home/axelle/anaconda3/envs/WP1/lib/python3.9/site-packages/torch/serialization.py", line 425, in __init__
    super().__init__(open(name, mode))
FileNotFoundError: [Errno 2] No such file or directory: '/home/axelle/Documents/Doctorat/WP1/WP1/weights_folder/byol_light/model18/epoch=99-step=164900.ckpt'

During handling of the above exception, another exception occurred:

Traceback (most recent call last):
  File "/home/axelle/Documents/Doctorat/WP1/WP1/database/test_cam_acc.py", line 416, in <module>
    model = Model(num_features=args.num_features, weight=args.weights, model=args.extractor,
  File "/home/axelle/Documents/Doctorat/WP1/WP1/database/models.py", line 94, in __init__
    self.model.load_state_dict(torch.load(weight)["state_dict"])
  File "/home/axelle/anaconda3/envs/WP1/lib/python3.9/site-packages/torch/serialization.py", line 997, in load
    with _open_file_like(f, 'rb') as opened_file:
  File "/home/axelle/anaconda3/envs/WP1/lib/python3.9/site-packages/torch/serialization.py", line 444, in _open_file_like
    return _open_file(name_or_buffer, mode)
  File "/home/axelle/anaconda3/envs/WP1/lib/python3.9/site-packages/torch/serialization.py", line 425, in __init__
    super().__init__(open(name, mode))
FileNotFoundError: [Errno 2] No such file or directory: '/home/axelle/Documents/Doctorat/WP1/WP1/weights_folder/byol_light/model18/epoch=99-step=164900.ckpt'
-----------------------------------------------------------------------------------------------
------------------------------------- Model 8 --------------------------------------------------
-----------------------------------------------------------------------------------------------
Some weights of DeiTForImageClassification were not initialized from the model checkpoint at facebook/deit-base-distilled-patch16-224 and are newly initialized: ['classifier.bias', 'classifier.weight']
You should probably TRAIN this model on a down-stream task to be able to use it for predictions and inference.
/home/axelle/anaconda3/envs/WP1/lib/python3.9/site-packages/torch/nn/utils/weight_norm.py:28: UserWarning: torch.nn.utils.weight_norm is deprecated in favor of torch.nn.utils.parametrizations.weight_norm.
  warnings.warn("torch.nn.utils.weight_norm is deprecated in favor of torch.nn.utils.parametrizations.weight_norm.")
/home/axelle/anaconda3/envs/WP1/lib/python3.9/site-packages/torchvision/models/_utils.py:208: UserWarning: The parameter 'pretrained' is deprecated since 0.13 and may be removed in the future, please use 'weights' instead.
  warnings.warn(
/home/axelle/anaconda3/envs/WP1/lib/python3.9/site-packages/torchvision/models/_utils.py:223: UserWarning: Arguments other than a weight enum or `None` for 'weights' are deprecated since 0.13 and may be removed in the future. The current behavior is equivalent to passing `weights=ResNet18_Weights.IMAGENET1K_V1`. You can also use `weights=ResNet18_Weights.DEFAULT` to get the most up-to-date weights.
  warnings.warn(msg)
Some weights of the model checkpoint at owkin/phikon were not used when initializing ViTModel: ['pooler.dense.bias', 'pooler.dense.weight']
- This IS expected if you are initializing ViTModel from the checkpoint of a model trained on another task or with another architecture (e.g. initializing a BertForSequenceClassification model from a BertForPreTraining model).
- This IS NOT expected if you are initializing ViTModel from the checkpoint of a model that you expect to be exactly identical (initializing a BertForSequenceClassification model from a BertForSequenceClassification model).
/home/axelle/anaconda3/envs/WP1/lib/python3.9/site-packages/torch/functional.py:512: UserWarning: torch.meshgrid: in an upcoming release, it will be required to pass the indexing argument. (Triggered internally at ../aten/src/ATen/native/TensorShape.cpp:3587.)
  return _VF.meshgrid(tensors, **kwargs)  # type: ignore[attr-defined]
Traceback (most recent call last):
  File "/home/axelle/Documents/Doctorat/WP1/WP1/database/models.py", line 91, in __init__
    self.model.load_state_dict(torch.load(weight)["state_dict"])
  File "/home/axelle/anaconda3/envs/WP1/lib/python3.9/site-packages/torch/serialization.py", line 997, in load
    with _open_file_like(f, 'rb') as opened_file:
  File "/home/axelle/anaconda3/envs/WP1/lib/python3.9/site-packages/torch/serialization.py", line 444, in _open_file_like
    return _open_file(name_or_buffer, mode)
  File "/home/axelle/anaconda3/envs/WP1/lib/python3.9/site-packages/torch/serialization.py", line 425, in __init__
    super().__init__(open(name, mode))
FileNotFoundError: [Errno 2] No such file or directory: '/home/axelle/Documents/Doctorat/WP1/WP1/weights_folder/byol_light/model15/epoch=99-step=164900.ckpt'

During handling of the above exception, another exception occurred:

Traceback (most recent call last):
  File "/home/axelle/Documents/Doctorat/WP1/WP1/database/add_images.py", line 72, in <module>
    model = models.Model(model=args.extractor, num_features=args.num_features, weight=args.weights,
  File "/home/axelle/Documents/Doctorat/WP1/WP1/database/models.py", line 94, in __init__
    self.model.load_state_dict(torch.load(weight)["state_dict"])
  File "/home/axelle/anaconda3/envs/WP1/lib/python3.9/site-packages/torch/serialization.py", line 997, in load
    with _open_file_like(f, 'rb') as opened_file:
  File "/home/axelle/anaconda3/envs/WP1/lib/python3.9/site-packages/torch/serialization.py", line 444, in _open_file_like
    return _open_file(name_or_buffer, mode)
  File "/home/axelle/anaconda3/envs/WP1/lib/python3.9/site-packages/torch/serialization.py", line 425, in __init__
    super().__init__(open(name, mode))
FileNotFoundError: [Errno 2] No such file or directory: '/home/axelle/Documents/Doctorat/WP1/WP1/weights_folder/byol_light/model15/epoch=99-step=164900.ckpt'
all
Some weights of DeiTForImageClassification were not initialized from the model checkpoint at facebook/deit-base-distilled-patch16-224 and are newly initialized: ['classifier.bias', 'classifier.weight']
You should probably TRAIN this model on a down-stream task to be able to use it for predictions and inference.
/home/axelle/anaconda3/envs/WP1/lib/python3.9/site-packages/torch/nn/utils/weight_norm.py:28: UserWarning: torch.nn.utils.weight_norm is deprecated in favor of torch.nn.utils.parametrizations.weight_norm.
  warnings.warn("torch.nn.utils.weight_norm is deprecated in favor of torch.nn.utils.parametrizations.weight_norm.")
/home/axelle/anaconda3/envs/WP1/lib/python3.9/site-packages/torchvision/models/_utils.py:208: UserWarning: The parameter 'pretrained' is deprecated since 0.13 and may be removed in the future, please use 'weights' instead.
  warnings.warn(
/home/axelle/anaconda3/envs/WP1/lib/python3.9/site-packages/torchvision/models/_utils.py:223: UserWarning: Arguments other than a weight enum or `None` for 'weights' are deprecated since 0.13 and may be removed in the future. The current behavior is equivalent to passing `weights=ResNet18_Weights.IMAGENET1K_V1`. You can also use `weights=ResNet18_Weights.DEFAULT` to get the most up-to-date weights.
  warnings.warn(msg)
Some weights of the model checkpoint at owkin/phikon were not used when initializing ViTModel: ['pooler.dense.bias', 'pooler.dense.weight']
- This IS expected if you are initializing ViTModel from the checkpoint of a model trained on another task or with another architecture (e.g. initializing a BertForSequenceClassification model from a BertForPreTraining model).
- This IS NOT expected if you are initializing ViTModel from the checkpoint of a model that you expect to be exactly identical (initializing a BertForSequenceClassification model from a BertForSequenceClassification model).
/home/axelle/anaconda3/envs/WP1/lib/python3.9/site-packages/torch/functional.py:512: UserWarning: torch.meshgrid: in an upcoming release, it will be required to pass the indexing argument. (Triggered internally at ../aten/src/ATen/native/TensorShape.cpp:3587.)
  return _VF.meshgrid(tensors, **kwargs)  # type: ignore[attr-defined]
Traceback (most recent call last):
  File "/home/axelle/Documents/Doctorat/WP1/WP1/database/models.py", line 91, in __init__
    self.model.load_state_dict(torch.load(weight)["state_dict"])
  File "/home/axelle/anaconda3/envs/WP1/lib/python3.9/site-packages/torch/serialization.py", line 997, in load
    with _open_file_like(f, 'rb') as opened_file:
  File "/home/axelle/anaconda3/envs/WP1/lib/python3.9/site-packages/torch/serialization.py", line 444, in _open_file_like
    return _open_file(name_or_buffer, mode)
  File "/home/axelle/anaconda3/envs/WP1/lib/python3.9/site-packages/torch/serialization.py", line 425, in __init__
    super().__init__(open(name, mode))
FileNotFoundError: [Errno 2] No such file or directory: '/home/axelle/Documents/Doctorat/WP1/WP1/weights_folder/byol_light/model15/epoch=99-step=164900.ckpt'

During handling of the above exception, another exception occurred:

Traceback (most recent call last):
  File "/home/axelle/Documents/Doctorat/WP1/WP1/database/test_cam_acc.py", line 416, in <module>
    model = Model(num_features=args.num_features, weight=args.weights, model=args.extractor,
  File "/home/axelle/Documents/Doctorat/WP1/WP1/database/models.py", line 94, in __init__
    self.model.load_state_dict(torch.load(weight)["state_dict"])
  File "/home/axelle/anaconda3/envs/WP1/lib/python3.9/site-packages/torch/serialization.py", line 997, in load
    with _open_file_like(f, 'rb') as opened_file:
  File "/home/axelle/anaconda3/envs/WP1/lib/python3.9/site-packages/torch/serialization.py", line 444, in _open_file_like
    return _open_file(name_or_buffer, mode)
  File "/home/axelle/anaconda3/envs/WP1/lib/python3.9/site-packages/torch/serialization.py", line 425, in __init__
    super().__init__(open(name, mode))
FileNotFoundError: [Errno 2] No such file or directory: '/home/axelle/Documents/Doctorat/WP1/WP1/weights_folder/byol_light/model15/epoch=99-step=164900.ckpt'
-----------------------------------------------------------------------------------------------
------------------------------------- Model 9 --------------------------------------------------
-----------------------------------------------------------------------------------------------
Some weights of DeiTForImageClassification were not initialized from the model checkpoint at facebook/deit-base-distilled-patch16-224 and are newly initialized: ['classifier.bias', 'classifier.weight']
You should probably TRAIN this model on a down-stream task to be able to use it for predictions and inference.
/home/axelle/anaconda3/envs/WP1/lib/python3.9/site-packages/torch/nn/utils/weight_norm.py:28: UserWarning: torch.nn.utils.weight_norm is deprecated in favor of torch.nn.utils.parametrizations.weight_norm.
  warnings.warn("torch.nn.utils.weight_norm is deprecated in favor of torch.nn.utils.parametrizations.weight_norm.")
/home/axelle/anaconda3/envs/WP1/lib/python3.9/site-packages/torchvision/models/_utils.py:208: UserWarning: The parameter 'pretrained' is deprecated since 0.13 and may be removed in the future, please use 'weights' instead.
  warnings.warn(
/home/axelle/anaconda3/envs/WP1/lib/python3.9/site-packages/torchvision/models/_utils.py:223: UserWarning: Arguments other than a weight enum or `None` for 'weights' are deprecated since 0.13 and may be removed in the future. The current behavior is equivalent to passing `weights=ResNet18_Weights.IMAGENET1K_V1`. You can also use `weights=ResNet18_Weights.DEFAULT` to get the most up-to-date weights.
  warnings.warn(msg)
Some weights of the model checkpoint at owkin/phikon were not used when initializing ViTModel: ['pooler.dense.bias', 'pooler.dense.weight']
- This IS expected if you are initializing ViTModel from the checkpoint of a model trained on another task or with another architecture (e.g. initializing a BertForSequenceClassification model from a BertForPreTraining model).
- This IS NOT expected if you are initializing ViTModel from the checkpoint of a model that you expect to be exactly identical (initializing a BertForSequenceClassification model from a BertForSequenceClassification model).
/home/axelle/anaconda3/envs/WP1/lib/python3.9/site-packages/torch/functional.py:512: UserWarning: torch.meshgrid: in an upcoming release, it will be required to pass the indexing argument. (Triggered internally at ../aten/src/ATen/native/TensorShape.cpp:3587.)
  return _VF.meshgrid(tensors, **kwargs)  # type: ignore[attr-defined]
all
Some weights of DeiTForImageClassification were not initialized from the model checkpoint at facebook/deit-base-distilled-patch16-224 and are newly initialized: ['classifier.bias', 'classifier.weight']
You should probably TRAIN this model on a down-stream task to be able to use it for predictions and inference.
/home/axelle/anaconda3/envs/WP1/lib/python3.9/site-packages/torch/nn/utils/weight_norm.py:28: UserWarning: torch.nn.utils.weight_norm is deprecated in favor of torch.nn.utils.parametrizations.weight_norm.
  warnings.warn("torch.nn.utils.weight_norm is deprecated in favor of torch.nn.utils.parametrizations.weight_norm.")
/home/axelle/anaconda3/envs/WP1/lib/python3.9/site-packages/torchvision/models/_utils.py:208: UserWarning: The parameter 'pretrained' is deprecated since 0.13 and may be removed in the future, please use 'weights' instead.
  warnings.warn(
/home/axelle/anaconda3/envs/WP1/lib/python3.9/site-packages/torchvision/models/_utils.py:223: UserWarning: Arguments other than a weight enum or `None` for 'weights' are deprecated since 0.13 and may be removed in the future. The current behavior is equivalent to passing `weights=ResNet18_Weights.IMAGENET1K_V1`. You can also use `weights=ResNet18_Weights.DEFAULT` to get the most up-to-date weights.
  warnings.warn(msg)
Some weights of the model checkpoint at owkin/phikon were not used when initializing ViTModel: ['pooler.dense.bias', 'pooler.dense.weight']
- This IS expected if you are initializing ViTModel from the checkpoint of a model trained on another task or with another architecture (e.g. initializing a BertForSequenceClassification model from a BertForPreTraining model).
- This IS NOT expected if you are initializing ViTModel from the checkpoint of a model that you expect to be exactly identical (initializing a BertForSequenceClassification model from a BertForSequenceClassification model).
/home/axelle/anaconda3/envs/WP1/lib/python3.9/site-packages/torch/functional.py:512: UserWarning: torch.meshgrid: in an upcoming release, it will be required to pass the indexing argument. (Triggered internally at ../aten/src/ATen/native/TensorShape.cpp:3587.)
  return _VF.meshgrid(tensors, **kwargs)  # type: ignore[attr-defined]
Traceback (most recent call last):
  File "/home/axelle/Documents/Doctorat/WP1/WP1/database/test_cam_acc.py", line 426, in <module>
    r = test(model, args.weights, args.path, args.db_name, args.extractor, args.measure, args.class_name, True)
  File "/home/axelle/Documents/Doctorat/WP1/WP1/database/test_cam_acc.py", line 331, in test
    display_precision_recall(model_weight, measure, ground_truth, predictions)
  File "/home/axelle/Documents/Doctorat/WP1/WP1/database/test_cam_acc.py", line 134, in display_precision_recall
    precision[i], recall[i], _ = precision_recall_curve(Y_test[:, i], y_score[:, i])
IndexError: index 1 is out of bounds for axis 1 with size 1
-----------------------------------------------------------------------------------------------
------------------------------------- Model 10 --------------------------------------------------
-----------------------------------------------------------------------------------------------
Some weights of DeiTForImageClassification were not initialized from the model checkpoint at facebook/deit-base-distilled-patch16-224 and are newly initialized: ['classifier.bias', 'classifier.weight']
You should probably TRAIN this model on a down-stream task to be able to use it for predictions and inference.
/home/axelle/anaconda3/envs/WP1/lib/python3.9/site-packages/torch/nn/utils/weight_norm.py:28: UserWarning: torch.nn.utils.weight_norm is deprecated in favor of torch.nn.utils.parametrizations.weight_norm.
  warnings.warn("torch.nn.utils.weight_norm is deprecated in favor of torch.nn.utils.parametrizations.weight_norm.")
/home/axelle/anaconda3/envs/WP1/lib/python3.9/site-packages/torchvision/models/_utils.py:208: UserWarning: The parameter 'pretrained' is deprecated since 0.13 and may be removed in the future, please use 'weights' instead.
  warnings.warn(
/home/axelle/anaconda3/envs/WP1/lib/python3.9/site-packages/torchvision/models/_utils.py:223: UserWarning: Arguments other than a weight enum or `None` for 'weights' are deprecated since 0.13 and may be removed in the future. The current behavior is equivalent to passing `weights=ResNet18_Weights.IMAGENET1K_V1`. You can also use `weights=ResNet18_Weights.DEFAULT` to get the most up-to-date weights.
  warnings.warn(msg)
Some weights of the model checkpoint at owkin/phikon were not used when initializing ViTModel: ['pooler.dense.bias', 'pooler.dense.weight']
- This IS expected if you are initializing ViTModel from the checkpoint of a model trained on another task or with another architecture (e.g. initializing a BertForSequenceClassification model from a BertForPreTraining model).
- This IS NOT expected if you are initializing ViTModel from the checkpoint of a model that you expect to be exactly identical (initializing a BertForSequenceClassification model from a BertForSequenceClassification model).
/home/axelle/anaconda3/envs/WP1/lib/python3.9/site-packages/torch/functional.py:512: UserWarning: torch.meshgrid: in an upcoming release, it will be required to pass the indexing argument. (Triggered internally at ../aten/src/ATen/native/TensorShape.cpp:3587.)
  return _VF.meshgrid(tensors, **kwargs)  # type: ignore[attr-defined]
all
Some weights of DeiTForImageClassification were not initialized from the model checkpoint at facebook/deit-base-distilled-patch16-224 and are newly initialized: ['classifier.bias', 'classifier.weight']
You should probably TRAIN this model on a down-stream task to be able to use it for predictions and inference.
/home/axelle/anaconda3/envs/WP1/lib/python3.9/site-packages/torch/nn/utils/weight_norm.py:28: UserWarning: torch.nn.utils.weight_norm is deprecated in favor of torch.nn.utils.parametrizations.weight_norm.
  warnings.warn("torch.nn.utils.weight_norm is deprecated in favor of torch.nn.utils.parametrizations.weight_norm.")
/home/axelle/anaconda3/envs/WP1/lib/python3.9/site-packages/torchvision/models/_utils.py:208: UserWarning: The parameter 'pretrained' is deprecated since 0.13 and may be removed in the future, please use 'weights' instead.
  warnings.warn(
/home/axelle/anaconda3/envs/WP1/lib/python3.9/site-packages/torchvision/models/_utils.py:223: UserWarning: Arguments other than a weight enum or `None` for 'weights' are deprecated since 0.13 and may be removed in the future. The current behavior is equivalent to passing `weights=ResNet18_Weights.IMAGENET1K_V1`. You can also use `weights=ResNet18_Weights.DEFAULT` to get the most up-to-date weights.
  warnings.warn(msg)
Some weights of the model checkpoint at owkin/phikon were not used when initializing ViTModel: ['pooler.dense.bias', 'pooler.dense.weight']
- This IS expected if you are initializing ViTModel from the checkpoint of a model trained on another task or with another architecture (e.g. initializing a BertForSequenceClassification model from a BertForPreTraining model).
- This IS NOT expected if you are initializing ViTModel from the checkpoint of a model that you expect to be exactly identical (initializing a BertForSequenceClassification model from a BertForSequenceClassification model).
/home/axelle/anaconda3/envs/WP1/lib/python3.9/site-packages/torch/functional.py:512: UserWarning: torch.meshgrid: in an upcoming release, it will be required to pass the indexing argument. (Triggered internally at ../aten/src/ATen/native/TensorShape.cpp:3587.)
  return _VF.meshgrid(tensors, **kwargs)  # type: ignore[attr-defined]
Traceback (most recent call last):
  File "/home/axelle/Documents/Doctorat/WP1/WP1/database/test_cam_acc.py", line 426, in <module>
    r = test(model, args.weights, args.path, args.db_name, args.extractor, args.measure, args.class_name, True)
  File "/home/axelle/Documents/Doctorat/WP1/WP1/database/test_cam_acc.py", line 290, in test
    names, _, t_model_tmp, t_search_tmp, t_transfer_tmp = database.search(image, extractor)
  File "/home/axelle/anaconda3/envs/WP1/lib/python3.9/site-packages/torch/utils/_contextlib.py", line 115, in decorate_context
    return func(*args, **kwargs)
  File "/home/axelle/Documents/Doctorat/WP1/WP1/database/db.py", line 172, in search
    v = self.r.get(str(l)).decode('utf-8')
  File "/home/axelle/anaconda3/envs/WP1/lib/python3.9/site-packages/redis/commands/core.py", line 1830, in get
    return self.execute_command("GET", name)
  File "/home/axelle/anaconda3/envs/WP1/lib/python3.9/site-packages/redis/client.py", line 545, in execute_command
    return conn.retry.call_with_retry(
  File "/home/axelle/anaconda3/envs/WP1/lib/python3.9/site-packages/redis/retry.py", line 46, in call_with_retry
    return do()
  File "/home/axelle/anaconda3/envs/WP1/lib/python3.9/site-packages/redis/client.py", line 546, in <lambda>
    lambda: self._send_command_parse_response(
  File "/home/axelle/anaconda3/envs/WP1/lib/python3.9/site-packages/redis/client.py", line 521, in _send_command_parse_response
    conn.send_command(*args)
  File "/home/axelle/anaconda3/envs/WP1/lib/python3.9/site-packages/redis/connection.py", line 477, in send_command
    self._command_packer.pack(*args),
  File "/home/axelle/anaconda3/envs/WP1/lib/python3.9/site-packages/redis/connection.py", line 89, in pack
    args = tuple(args[0].encode().split()) + args[1:]
KeyboardInterrupt
